{"numFailedTestSuites":0,"numFailedTests":0,"numPassedTestSuites":1,"numPassedTests":19,"numPendingTestSuites":0,"numPendingTests":0,"numRuntimeErrorTestSuites":0,"numTodoTests":0,"numTotalTestSuites":1,"numTotalTests":19,"openHandles":[],"snapshot":{"added":0,"didUpdate":false,"failure":false,"filesAdded":0,"filesRemoved":0,"filesRemovedList":[],"filesUnmatched":0,"filesUpdated":0,"matched":0,"total":0,"unchecked":0,"uncheckedKeysByFile":[],"unmatched":0,"updated":0},"startTime":1629276373448,"success":true,"testResults":[{"assertionResults":[{"ancestorTitles":["HA 2","MovieRankListEntry test"],"failureMessages":[],"fullName":"HA 2 MovieRankListEntry test props로 전달받은 영화의 제목을 표현해야 합니다.","location":null,"status":"passed","title":"props로 전달받은 영화의 제목을 표현해야 합니다."},{"ancestorTitles":["HA 2","MovieRankListEntry test"],"failureMessages":[],"fullName":"HA 2 MovieRankListEntry test props로 전달받은 영화의 평점을 표현해야 합니다.","location":null,"status":"passed","title":"props로 전달받은 영화의 평점을 표현해야 합니다."},{"ancestorTitles":["HA 2","MovieRankListEntry test"],"failureMessages":[],"fullName":"HA 2 MovieRankListEntry test props로 전달받은 영화의 러닝 타임을 표현해야 합니다.","location":null,"status":"passed","title":"props로 전달받은 영화의 러닝 타임을 표현해야 합니다."},{"ancestorTitles":["HA 2","MovieRankListEntry test"],"failureMessages":[],"fullName":"HA 2 MovieRankListEntry test props로 전달받은 영화의 장르들을 표현해야 합니다.","location":null,"status":"passed","title":"props로 전달받은 영화의 장르들을 표현해야 합니다."},{"ancestorTitles":["HA 2","MovieRankListEntry test"],"failureMessages":[],"fullName":"HA 2 MovieRankListEntry test 각각의 genre를 key로 지정하여 genres.map을 실행해야 합니다.","location":null,"status":"passed","title":"각각의 genre를 key로 지정하여 genres.map을 실행해야 합니다."},{"ancestorTitles":["HA 2","MovieRankList test"],"failureMessages":[],"fullName":"HA 2 MovieRankList test props로 빈 배열을 받은 경우, MovieRankListEntry가 존재하면 안됩니다.","location":null,"status":"passed","title":"props로 빈 배열을 받은 경우, MovieRankListEntry가 존재하면 안됩니다."},{"ancestorTitles":["HA 2","MovieRankList test"],"failureMessages":[],"fullName":"HA 2 MovieRankList test props로 빈 배열을 받은 경우, 리스트 대신 `영화 목록이 비었습니다` 라는 문구를 표시해야 합니다.","location":null,"status":"passed","title":"props로 빈 배열을 받은 경우, 리스트 대신 `영화 목록이 비었습니다` 라는 문구를 표시해야 합니다."},{"ancestorTitles":["HA 2","MovieRankList test"],"failureMessages":[],"fullName":"HA 2 MovieRankList test props에 담긴 영화정보의 갯수 만큼 MovieRankListEntry를 렌더링해야 합니다.","location":null,"status":"passed","title":"props에 담긴 영화정보의 갯수 만큼 MovieRankListEntry를 렌더링해야 합니다."},{"ancestorTitles":["HA 2","MovieRankList test"],"failureMessages":[],"fullName":"HA 2 MovieRankList test MovieRankListEntry를 여러개 출력할 때, 고유의 key를 가지고 있어야 합니다.","location":null,"status":"passed","title":"MovieRankListEntry를 여러개 출력할 때, 고유의 key를 가지고 있어야 합니다."},{"ancestorTitles":["HA 2","CurrentMovie test"],"failureMessages":[],"fullName":"HA 2 CurrentMovie test props로 전달받은 현재 영화의 제목을 표현해야 합니다.","location":null,"status":"passed","title":"props로 전달받은 현재 영화의 제목을 표현해야 합니다."},{"ancestorTitles":["HA 2","CurrentMovie test"],"failureMessages":[],"fullName":"HA 2 CurrentMovie test props로 전달받은 현재 영화의 포스터(medium 사이즈)를 표현해야 합니다.","location":null,"status":"passed","title":"props로 전달받은 현재 영화의 포스터(medium 사이즈)를 표현해야 합니다."},{"ancestorTitles":["HA 2","CurrentMovie test"],"failureMessages":[],"fullName":"HA 2 CurrentMovie test props로 전달받은 현재 영화의 평점을 표현해야 합니다.","location":null,"status":"passed","title":"props로 전달받은 현재 영화의 평점을 표현해야 합니다."},{"ancestorTitles":["HA 2","CurrentMovie test"],"failureMessages":[],"fullName":"HA 2 CurrentMovie test props로 전달받은 현재 영화의 러닝 타임을 표현해야 합니다.","location":null,"status":"passed","title":"props로 전달받은 현재 영화의 러닝 타임을 표현해야 합니다."},{"ancestorTitles":["HA 2","CurrentMovie test"],"failureMessages":[],"fullName":"HA 2 CurrentMovie test props로 전달받은 현재 영화의 설명을 표현해야 합니다.","location":null,"status":"passed","title":"props로 전달받은 현재 영화의 설명을 표현해야 합니다."},{"ancestorTitles":["HA 2","CurrentMovie test"],"failureMessages":[],"fullName":"HA 2 CurrentMovie test 영화 정보를 넘기지 않으면, `영화를 선택하세요`라는 메시지를 표시해야 합니다.","location":null,"status":"passed","title":"영화 정보를 넘기지 않으면, `영화를 선택하세요`라는 메시지를 표시해야 합니다."},{"ancestorTitles":["HA 2","CurrentMovie test"],"failureMessages":[],"fullName":"HA 2 CurrentMovie test 아무런 영화 정보를 넘기지 않아도 렌더링할 때에 문제가 없어야 합니다.","location":null,"status":"passed","title":"아무런 영화 정보를 넘기지 않아도 렌더링할 때에 문제가 없어야 합니다."},{"ancestorTitles":["HA 2","App test"],"failureMessages":[],"fullName":"HA 2 App test `현재 선택한 영화`라는 상태와 `영화 목록`은 상태로 다뤄져야 합니다.","location":null,"status":"passed","title":"`현재 선택한 영화`라는 상태와 `영화 목록`은 상태로 다뤄져야 합니다."},{"ancestorTitles":["HA 2","App test"],"failureMessages":[],"fullName":"HA 2 App test 영화 목록 클릭 시, 현재 영화정보를 업데이트해야 합니다.","location":null,"status":"passed","title":"영화 목록 클릭 시, 현재 영화정보를 업데이트해야 합니다."},{"ancestorTitles":["HA 2","App test"],"failureMessages":[],"fullName":"HA 2 App test mockMovie 대신, 직접 REST API를 호출하도록 바꿉니다","location":null,"status":"passed","title":"mockMovie 대신, 직접 REST API를 호출하도록 바꿉니다"}],"endTime":1629276374474,"message":"","name":"/Users/stella/Documents/VS code/HA/im-ha-spring-section-2/client/src/__tests__/index.test.js","startTime":1629276373789,"status":"passed","summary":""}],"wasInterrupted":false}